2024-05-23 16:57:28 [main] INFO  application.Main - Application started
2024-05-23 16:57:28 [main] INFO  application.Main - Application ended
2024-05-23 16:59:19 [main] INFO  application.Main - Application started
2024-05-23 16:59:19 [main] INFO  application.Main - Application ended
2024-05-23 16:59:34 [main] INFO  application.Main - Application started
2024-05-23 16:59:34 [main] ERROR application.Main - Insufficient balance
2024-05-23 17:00:42 [main] INFO  application.Main - Application started
2024-05-23 17:00:42 [main] INFO  application.Main - Withdrawal Completed
2024-05-23 17:00:42 [main] INFO  application.Main - Application ended
2024-05-23 17:04:00 [main] INFO  application.Main - Application started
2024-05-23 17:04:00 [main] INFO  application.Main - Withdrawal Completed
2024-05-23 17:04:00 [main] INFO  application.Main - Application ended
2024-05-23 17:28:36 [main] INFO  application.Main - Application started
2024-05-23 17:28:36 [main] INFO  application.Main - Withdrawal Completed
2024-05-23 17:28:36 [main] INFO  application.Main - Application ended
2024-05-23 17:30:08 [main] INFO  application.Main - Application started
2024-05-23 17:30:08 [main] INFO  application.Main - Withdrawal Completed
2024-05-23 17:30:08 [main] INFO  application.Main - Application ended
2024-05-23 17:30:45 [main] INFO  application.Main - Application started
2024-05-23 17:30:45 [main] INFO  application.Main - Withdrawal Completed
2024-05-23 17:30:45 [Thread-1] ERROR application.Main - Insufficient balance
2024-05-23 17:30:45 [main] INFO  application.Main - Application ended
2024-05-23 17:31:11 [main] INFO  application.Main - Application started
2024-05-23 17:31:11 [main] INFO  application.Main - Withdrawal Completed
2024-05-23 17:31:11 [main] INFO  application.Main - Application ended
2024-05-23 17:32:12 [main] INFO  application.Main - Application started
2024-05-23 17:32:12 [main] INFO  application.Main - Withdrawal Completed
2024-05-23 17:32:12 [main] INFO  application.Main - Application ended
2024-05-23 17:33:41 [main] INFO  application.Main - Application started
2024-05-23 17:33:41 [main] INFO  application.Main - Withdrawal Completed
2024-05-23 17:33:41 [main] INFO  application.Main - Application ended
2024-05-23 17:34:01 [main] INFO  application.Main - Application started
2024-05-23 17:34:01 [main] INFO  application.Main - Withdrawal Completed
2024-05-23 17:34:01 [Thread-0] ERROR application.Main - Insufficient balance
2024-05-23 17:34:01 [main] INFO  application.Main - Application ended
2024-05-23 17:34:52 [main] INFO  application.Main - Application started
2024-05-23 17:34:52 [main] INFO  application.Main - Withdrawal Completed
2024-05-23 17:34:52 [Thread-0] ERROR application.Main - Insufficient balance
2024-05-23 17:34:52 [main] INFO  application.Main - Application ended
2024-05-23 17:45:02 [main] INFO  application.Main - Application started
2024-05-23 17:45:02 [main] INFO  application.Main - Withdrawal Completed
2024-05-23 17:45:02 [Thread-0] ERROR application.Main - Insufficient balance
2024-05-23 17:45:02 [main] INFO  application.Main - Application ended
2024-05-23 17:46:10 [main] INFO  application.Main - Application started
2024-05-23 17:46:10 [main] INFO  application.Main - Application ended
2024-05-23 17:46:10 [Thread-0] ERROR application.Main - Insufficient balance
2024-05-23 17:48:57 [main] INFO  application.Main - Application started
2024-05-23 17:48:57 [main] INFO  application.Main - Application ended
2024-05-23 17:48:57 [T1] ERROR application.Main - Insufficient balance
2024-05-23 18:02:38 [main] INFO  application.Main - Application started
2024-05-23 18:02:38 [main] INFO  application.Main - Application ended
2024-05-23 18:02:38 [T1] ERROR application.Main - Insufficient balance
2024-05-23 18:02:59 [main] INFO  application.Main - Application started
2024-05-23 18:02:59 [main] INFO  application.Main - Application ended
2024-05-23 18:02:59 [T1] ERROR application.Main - Insufficient balance
2024-05-23 18:03:15 [main] INFO  application.Main - Application started
2024-05-23 18:03:15 [main] INFO  application.Main - Application ended
2024-05-23 18:05:00 [main] INFO  application.Main - Application started
2024-05-23 18:05:32 [main] INFO  application.Main - Application started
2024-05-23 18:05:32 [main] INFO  application.Main - Application ended
2024-05-23 18:06:54 [main] INFO  application.Main - Application started
2024-05-23 18:06:54 [main] INFO  application.Main - Application ended
2024-05-23 18:07:59 [main] INFO  application.Main - Application started
2024-05-23 18:07:59 [main] INFO  application.Main - Application ended
2024-05-23 18:07:59 [Thread-0] ERROR application.Main - Insufficient balance
2024-05-23 18:08:53 [main] INFO  application.Main - Application started
2024-05-23 18:08:53 [main] INFO  application.Main - Application ended
2024-05-23 18:08:53 [Thread-0] ERROR application.Main - Insufficient balance
2024-05-23 18:10:47 [main] INFO  application.Main - Application started
2024-05-23 18:10:47 [main] INFO  application.Main - Withdrawal Completed
2024-05-23 18:10:47 [main] INFO  application.Main - Application ended
2024-05-23 18:29:51 [main] INFO  application.Main - Application started
2024-05-23 18:29:51 [main] INFO  application.Main - Withdrawal Completed
2024-05-23 18:29:51 [main] INFO  application.Main - Application ended
2024-05-23 18:32:37 [main] INFO  application.Main - Application started
2024-05-23 18:32:37 [main] INFO  application.Main - Withdrawal Completed
2024-05-23 18:32:37 [main] INFO  application.Main - Application ended
2024-05-23 19:33:25 [main] ERROR application.Main - Insufficient balance
2024-05-23 19:34:54 [main] ERROR application.Main - Insufficient balance
2024-05-23 19:35:27 [main] ERROR application.Main - Insufficient balance
2024-05-23 19:37:46 [main] ERROR application.Main - Insufficient balance
2024-05-23 19:37:59 [pool-2-thread-2] ERROR application.Main - Insufficient balance
2024-05-23 19:37:59 [main] ERROR application.Main - Insufficient balance
2024-05-23 19:38:43 [pool-2-thread-2] ERROR application.Main - Insufficient balance
2024-05-23 19:38:43 [main] ERROR application.Main - Insufficient balance
2024-05-23 19:41:26 [pool-2-thread-2] ERROR application.Main - Insufficient balance
2024-05-23 19:41:26 [main] ERROR application.Main - Insufficient balance
2024-05-23 19:41:34 [pool-2-thread-2] ERROR application.Main - Insufficient balance
2024-05-23 19:41:34 [main] ERROR application.Main - Insufficient balance
2024-05-23 19:41:42 [pool-2-thread-2] ERROR application.Main - Insufficient balance
2024-05-23 19:41:42 [main] ERROR application.Main - Insufficient balance
2024-05-23 19:58:06 [main] INFO  application.Main - Application started
2024-05-23 19:58:06 [main] INFO  application.Main - Withdrawal Completed
2024-05-23 19:58:06 [main] INFO  application.Main - Application ended
2024-05-23 19:59:02 [main] INFO  application.Main - Application started
2024-05-23 19:59:02 [main] INFO  application.Main - Withdrawal Completed
2024-05-23 19:59:02 [main] INFO  application.Main - Application ended
2024-05-24 11:54:39 [main] INFO  application.Main - Application started
2024-05-24 11:54:39 [main] INFO  application.Main - Withdrawal Completed
2024-05-24 11:54:39 [main] INFO  application.Main - Application ended
2024-05-24 11:55:04 [pool-2-thread-2] ERROR application.Main - Insufficient balance
2024-05-24 11:55:04 [main] ERROR application.Main - Insufficient balance
2024-05-24 11:56:32 [pool-2-thread-2] ERROR application.Main - Insufficient balance
2024-05-24 11:56:32 [main] ERROR application.Main - Insufficient balance
2024-05-24 11:57:06 [pool-2-thread-2] ERROR application.Main - Insufficient balance
2024-05-24 11:57:06 [main] ERROR application.Main - Insufficient balance
2024-05-24 11:58:25 [main] INFO  application.Main - Application started
2024-05-24 11:58:25 [main] INFO  application.Main - Withdrawal Completed
2024-05-24 11:58:25 [main] INFO  application.Main - Application ended
2024-05-24 11:58:49 [main] INFO  application.Main - Application started
2024-05-24 11:58:49 [main] INFO  application.Main - Withdrawal Completed
2024-05-24 11:58:49 [main] INFO  application.Main - Application ended
2024-05-24 11:59:05 [main] INFO  application.Main - Application started
2024-05-24 11:59:05 [main] INFO  application.Main - Withdrawal Completed
2024-05-24 11:59:05 [main] INFO  application.Main - Application ended
2024-05-24 12:00:33 [main] INFO  application.Main - Application started
2024-05-24 12:00:33 [main] INFO  application.Main - Withdrawal Completed
2024-05-24 12:00:33 [main] INFO  application.Main - Application ended
2024-05-24 12:00:49 [pool-2-thread-2] ERROR application.Main - Insufficient balance
2024-05-24 12:00:49 [main] ERROR application.Main - Insufficient balance
2024-05-24 12:03:38 [main] INFO  application.Main - Application started
2024-05-24 12:03:38 [main] INFO  application.Main - Withdrawal Completed
2024-05-24 12:03:38 [main] INFO  application.Main - Application ended
2024-05-24 12:04:47 [main] INFO  application.Main - Application started
2024-05-24 12:04:47 [main] INFO  application.Main - Withdrawal Completed
2024-05-24 12:04:47 [main] INFO  application.Main - Application ended
2024-05-24 12:05:16 [main] INFO  application.Main - Application started
2024-05-24 12:05:16 [main] INFO  application.Main - Withdrawal Completed
2024-05-24 12:05:16 [main] INFO  application.Main - Application ended
2024-05-24 12:05:23 [pool-2-thread-2] ERROR application.Main - Insufficient balance
2024-05-24 12:05:23 [main] ERROR application.Main - Insufficient balance
2024-05-24 12:06:03 [pool-2-thread-2] ERROR application.Main - Insufficient balance
2024-05-24 12:06:03 [main] ERROR application.Main - Insufficient balance
2024-05-24 12:06:58 [pool-2-thread-2] ERROR application.Main - Insufficient balance
2024-05-24 12:06:58 [main] ERROR application.Main - Insufficient balance
2024-05-24 12:07:18 [pool-2-thread-2] ERROR application.Main - Insufficient balance
2024-05-24 12:07:18 [main] ERROR application.Main - Insufficient balance
2024-05-24 12:07:22 [pool-2-thread-2] ERROR application.Main - Insufficient balance
2024-05-24 12:07:22 [main] ERROR application.Main - Insufficient balance
2024-05-24 12:07:30 [main] ERROR application.Main - Insufficient balance
2024-05-24 12:07:42 [pool-2-thread-2] ERROR application.Main - Insufficient balance
2024-05-24 12:07:42 [main] ERROR application.Main - Insufficient balance
2024-05-24 12:07:46 [pool-2-thread-2] ERROR application.Main - Insufficient balance
2024-05-24 12:07:46 [main] ERROR application.Main - Insufficient balance
2024-05-24 12:08:07 [pool-2-thread-2] ERROR application.Main - Insufficient balance
2024-05-24 12:08:07 [main] ERROR application.Main - Insufficient balance
2024-05-24 12:08:11 [pool-2-thread-2] ERROR application.Main - Insufficient balance
2024-05-24 12:08:11 [main] ERROR application.Main - Insufficient balance
2024-05-24 12:08:14 [pool-2-thread-2] ERROR application.Main - Insufficient balance
2024-05-24 12:08:14 [main] ERROR application.Main - Insufficient balance
2024-05-24 12:09:06 [main] INFO  application.Main - Application started
2024-05-24 12:09:06 [main] INFO  application.Main - Withdrawal Completed
2024-05-24 12:09:06 [main] INFO  application.Main - Application ended
2024-05-24 12:41:58 [pool-2-thread-2] ERROR application.Main - Insufficient balance
2024-05-24 12:41:58 [main] ERROR application.Main - Insufficient balance
2024-05-24 12:43:22 [main] ERROR application.Main - Insufficient balance
2024-05-24 14:38:13 [main] INFO  application.Main - Application started
2024-05-24 14:38:13 [main] INFO  application.Main - Withdrawal Completed
2024-05-24 14:38:13 [main] INFO  application.Main - Application ended
2024-05-25 11:00:19 [main] INFO  application.Main - Application started
2024-05-25 11:00:19 [main] INFO  application.Main - Withdrawal Completed
2024-05-25 11:00:19 [main] INFO  application.Main - Application ended
2024-05-25 12:20:19 [main] INFO  application.Main - Application started
2024-05-25 12:20:19 [main] INFO  application.Main - Withdrawal Completed
2024-05-25 12:20:19 [main] INFO  application.Main - Application ended
2024-05-25 12:21:58 [main] ERROR application.Main - Insufficient balance
2024-05-25 12:22:28 [main] ERROR application.Main - Insufficient balance
2024-05-25 12:22:45 [main] ERROR application.Main - Insufficient balance
2024-05-25 12:23:28 [pool-1-thread-2] ERROR application.Main - Insufficient balance
2024-05-25 12:23:28 [main] ERROR application.Main - Insufficient balance
2024-05-25 12:41:31 [pool-1-thread-2] ERROR application.Main - Insufficient balance
2024-05-25 12:41:31 [main] ERROR application.Main - Insufficient balance
2024-05-25 12:41:31 [pool-3-thread-3] ERROR application.Main - Insufficient balance
2024-05-25 12:42:36 [pool-1-thread-2] ERROR application.Main - Insufficient balance
2024-05-25 12:42:36 [main] ERROR application.Main - Insufficient balance
2024-05-25 12:42:36 [pool-3-thread-3] ERROR application.Main - Insufficient balance
2024-05-25 12:43:39 [pool-1-thread-2] ERROR application.Main - Insufficient balance
2024-05-25 12:43:39 [main] ERROR application.Main - Insufficient balance
2024-05-25 12:44:16 [pool-1-thread-1] ERROR application.Main - Insufficient balance
2024-05-25 12:44:16 [main] ERROR application.Main - Insufficient balance
2024-05-25 12:45:42 [pool-1-thread-1] ERROR application.Main - Insufficient balance
2024-05-25 12:45:42 [main] ERROR application.Main - Insufficient balance
2024-05-25 12:46:34 [pool-1-thread-2] ERROR application.Main - Insufficient balance
2024-05-25 12:46:34 [main] ERROR application.Main - Insufficient balance
2024-05-25 12:46:48 [pool-1-thread-2] ERROR application.Main - Insufficient balance
2024-05-25 12:46:48 [main] ERROR application.Main - Insufficient balance
2024-05-25 12:49:49 [pool-1-thread-2] ERROR application.Main - Insufficient balance
2024-05-25 12:49:49 [main] ERROR application.Main - Insufficient balance
2024-05-25 12:52:03 [pool-1-thread-2] ERROR application.Main - Insufficient balance
2024-05-25 12:52:03 [main] ERROR application.Main - Insufficient balance
2024-05-25 12:59:53 [pool-1-thread-2] ERROR application.Main - Insufficient balance
2024-05-25 12:59:53 [main] ERROR application.Main - Insufficient balance
2024-05-25 13:01:22 [main] INFO  application.Main - Application started
2024-05-25 13:01:22 [main] INFO  application.Main - [Denomination[denomination=500, noOfNotes=6]]
2024-05-25 13:01:22 [main] INFO  application.Main - Withdrawal Completed
2024-05-25 13:01:22 [main] INFO  application.Main - Application ended
2024-05-25 13:02:29 [main] INFO  application.Main - Application started
2024-05-25 13:02:29 [main] INFO  application.Main - Denominations used to withdraw 3000 :[Denomination[denomination=500, noOfNotes=6]]
2024-05-25 13:02:29 [main] INFO  application.Main - Withdrawal Completed
2024-05-25 13:02:29 [main] INFO  application.Main - Application ended
2024-05-25 13:03:21 [main] INFO  application.Main - Application started
2024-05-25 13:03:21 [main] INFO  application.Main - Denominations used to withdraw 3000 :[Denomination[denomination=500, noOfNotes=6]]
2024-05-25 13:03:21 [main] INFO  application.Main - Withdrawal Completed
2024-05-25 13:03:21 [main] INFO  application.Main - Application ended
2024-05-25 13:08:18 [pool-1-thread-2] ERROR application.Main - Insufficient balance
2024-05-25 13:08:18 [main] ERROR application.Main - Insufficient balance
2024-05-25 13:08:35 [pool-1-thread-2] ERROR application.Main - Insufficient balance
2024-05-25 13:08:35 [main] ERROR application.Main - Insufficient balance
2024-05-25 14:08:22 [main] INFO  application.Main - Application started
2024-05-25 14:08:22 [main] INFO  application.Main - Denominations used to withdraw 3000 :[Denomination[denomination=500, noOfNotes=6]]
2024-05-25 14:08:22 [main] INFO  application.Main - Withdrawal Completed
2024-05-25 14:08:22 [main] INFO  application.Main - Application ended
2024-05-25 14:08:37 [main] INFO  application.Main - Application started
2024-05-25 14:08:37 [main] ERROR application.Main - Insufficient balance
2024-05-25 14:08:56 [main] INFO  application.Main - Application started
2024-05-25 14:08:56 [main] ERROR application.Main - Incorrect amount
2024-05-25 14:09:27 [main] INFO  application.Main - Application started
2024-05-25 14:09:27 [main] ERROR application.Main - Incorrect amount
2024-05-25 14:10:24 [main] INFO  application.Main - Application started
2024-05-25 14:10:24 [main] ERROR application.Main - Amount not supported for withdrawal,
2024-05-25 14:12:00 [pool-1-thread-2] ERROR application.Main - Insufficient balance
2024-05-25 14:12:00 [main] ERROR application.Main - Insufficient balance
2024-05-25 14:13:31 [pool-1-thread-2] ERROR application.Main - Insufficient balance
2024-05-25 14:13:31 [main] ERROR application.Main - Insufficient balance
2024-05-25 14:14:21 [pool-1-thread-2] ERROR application.Main - Insufficient balance
2024-05-25 14:14:21 [main] ERROR application.Main - Insufficient balance
2024-05-25 14:15:15 [pool-1-thread-2] ERROR application.Main - Insufficient balance
2024-05-25 14:15:15 [main] ERROR application.Main - Insufficient balance
2024-05-25 14:15:46 [pool-1-thread-2] ERROR application.Main - Insufficient balance
2024-05-25 14:15:46 [main] ERROR application.Main - Insufficient balance
2024-05-25 14:18:18 [pool-1-thread-2] ERROR application.Main - Insufficient balance
2024-05-25 14:18:18 [main] ERROR application.Main - Insufficient balance
2024-05-25 14:18:31 [pool-1-thread-2] ERROR application.Main - Insufficient balance
2024-05-25 14:18:31 [main] ERROR application.Main - Insufficient balance
2024-05-26 11:11:18 [pool-1-thread-2] ERROR application.Main - Insufficient balance
2024-05-26 11:11:18 [main] ERROR application.Main - Insufficient balance
2024-05-26 11:11:30 [pool-1-thread-2] ERROR application.Main - Insufficient balance
2024-05-26 11:11:30 [main] ERROR application.Main - Insufficient balance
2024-05-26 11:36:55 [main] INFO  application.Main - Application started
2024-05-26 11:36:55 [main] INFO  application.Main - Denominations used to withdraw 6000 :[Denomination[denomination=500, noOfNotes=12]]
2024-05-26 11:36:55 [main] INFO  application.Main - Withdrawal Completed
2024-05-26 11:36:55 [main] INFO  application.Main - Application ended
2024-05-26 22:33:24 [main] INFO  application.Main - Application started
2024-05-26 22:33:24 [main] INFO  application.Main - Denominations used to withdraw 6000 :[Denomination[denomination=500, noOfNotes=12]]
2024-05-26 22:33:24 [main] INFO  application.Main - Withdrawal Completed
2024-05-26 22:33:24 [main] INFO  application.Main - Application ended
2024-05-26 22:51:24 [main] INFO  application.Main - Application started
2024-05-26 22:51:24 [main] INFO  application.Main - Denominations used to withdraw 6000 :[Denomination[denomination=500, noOfNotes=12]]
2024-05-26 22:51:24 [main] INFO  application.Main - Withdrawal Completed
2024-05-26 22:51:24 [main] INFO  application.Main - Application ended
